{"level":"info","message":"Request added to Priority queue","priority":"1","queueLength":1,"timestamp":"2024-07-06T03:52:39.292Z"}
{"endpoint":"http://localhost:${API_SERVER_2_PORT}/slow","level":"info","message":"Endpoint selected","queueType":"PRIORITY","requestType":"slow","serverLoad":[{"currentLoad":0,"url":"http://localhost:${API_SERVER_1_PORT}"},{"currentLoad":1,"url":"http://localhost:${API_SERVER_2_PORT}"}],"timestamp":"2024-07-06T03:52:39.299Z"}
{"endpoint":"http://localhost:${API_SERVER_2_PORT}/slow","error":"Invalid URL","level":"error","message":"Request failed","queueType":"PRIORITY","requestType":"slow","responseTime":17,"serverLoad":[{"currentLoad":0,"url":"http://localhost:${API_SERVER_1_PORT}"},{"currentLoad":0,"url":"http://localhost:${API_SERVER_2_PORT}"}],"timestamp":"2024-07-06T03:52:39.309Z"}
{"level":"info","message":"Request added to Priority queue","priority":"2","queueLength":1,"timestamp":"2024-07-06T03:52:41.001Z"}
{"endpoint":"http://localhost:${API_SERVER_1_PORT}/fast","level":"info","message":"Endpoint selected","queueType":"PRIORITY","requestType":"fast","serverLoad":[{"currentLoad":1,"url":"http://localhost:${API_SERVER_1_PORT}"},{"currentLoad":0,"url":"http://localhost:${API_SERVER_2_PORT}"}],"timestamp":"2024-07-06T03:52:41.003Z"}
{"endpoint":"http://localhost:${API_SERVER_1_PORT}/fast","error":"Invalid URL","level":"error","message":"Request failed","queueType":"PRIORITY","requestType":"fast","responseTime":5,"serverLoad":[{"currentLoad":0,"url":"http://localhost:${API_SERVER_1_PORT}"},{"currentLoad":0,"url":"http://localhost:${API_SERVER_2_PORT}"}],"timestamp":"2024-07-06T03:52:41.006Z"}
{"level":"info","message":"Request added to FIFO queue","queueLength":1,"timestamp":"2024-07-06T03:52:43.200Z"}
{"endpoint":"http://localhost:${API_SERVER_1_PORT}/fast","level":"info","message":"Endpoint selected","queueType":"FIFO","requestType":"fast","serverLoad":[{"currentLoad":1,"url":"http://localhost:${API_SERVER_1_PORT}"},{"currentLoad":0,"url":"http://localhost:${API_SERVER_2_PORT}"}],"timestamp":"2024-07-06T03:52:43.202Z"}
{"endpoint":"http://localhost:${API_SERVER_1_PORT}/fast","error":"Invalid URL","level":"error","message":"Request failed","queueType":"FIFO","requestType":"fast","responseTime":4,"serverLoad":[{"currentLoad":0,"url":"http://localhost:${API_SERVER_1_PORT}"},{"currentLoad":0,"url":"http://localhost:${API_SERVER_2_PORT}"}],"timestamp":"2024-07-06T03:52:43.204Z"}
{"level":"info","message":"Request added to Priority queue","priority":"1","queueLength":1,"timestamp":"2024-07-06T03:57:08.689Z"}
{"endpoint":"http://localhost:8002/slow","level":"info","message":"Endpoint selected","queueType":"PRIORITY","requestType":"slow","serverLoad":[{"currentLoad":0,"url":"http://localhost:8001"},{"currentLoad":1,"url":"http://localhost:8002"}],"timestamp":"2024-07-06T03:57:08.696Z"}
{"endpoint":"http://localhost:8002/slow","level":"info","message":"Request handled","queueType":"PRIORITY","requestType":"slow","responseTime":5079,"serverLoad":[{"currentLoad":0,"url":"http://localhost:8001"},{"currentLoad":0,"url":"http://localhost:8002"}],"status":200,"timestamp":"2024-07-06T03:57:13.767Z"}
{"level":"info","message":"Request added to Priority queue","priority":"2","queueLength":1,"timestamp":"2024-07-06T03:57:24.132Z"}
{"endpoint":"http://localhost:8002/fast","level":"info","message":"Endpoint selected","queueType":"PRIORITY","requestType":"fast","serverLoad":[{"currentLoad":0,"url":"http://localhost:8001"},{"currentLoad":1,"url":"http://localhost:8002"}],"timestamp":"2024-07-06T03:57:24.134Z"}
{"endpoint":"http://localhost:8002/fast","level":"info","message":"Request handled","queueType":"PRIORITY","requestType":"fast","responseTime":12,"serverLoad":[{"currentLoad":0,"url":"http://localhost:8001"},{"currentLoad":0,"url":"http://localhost:8002"}],"status":200,"timestamp":"2024-07-06T03:57:24.144Z"}
{"level":"info","message":"Request added to FIFO queue","queueLength":1,"timestamp":"2024-07-06T03:57:27.389Z"}
{"endpoint":"http://localhost:8002/fast","level":"info","message":"Endpoint selected","queueType":"FIFO","requestType":"fast","serverLoad":[{"currentLoad":0,"url":"http://localhost:8001"},{"currentLoad":1,"url":"http://localhost:8002"}],"timestamp":"2024-07-06T03:57:27.394Z"}
{"endpoint":"http://localhost:8002/fast","level":"info","message":"Request handled","queueType":"FIFO","requestType":"fast","responseTime":13,"serverLoad":[{"currentLoad":0,"url":"http://localhost:8001"},{"currentLoad":0,"url":"http://localhost:8002"}],"status":200,"timestamp":"2024-07-06T03:57:27.402Z"}
{"level":"info","message":"Request added to FIFO queue","queueLength":1,"timestamp":"2024-07-06T03:57:30.245Z"}
{"endpoint":"http://localhost:8001/slow","level":"info","message":"Endpoint selected","queueType":"FIFO","requestType":"slow","serverLoad":[{"currentLoad":1,"url":"http://localhost:8001"},{"currentLoad":0,"url":"http://localhost:8002"}],"timestamp":"2024-07-06T03:57:30.247Z"}
{"endpoint":"http://localhost:8001/slow","level":"info","message":"Request handled","queueType":"FIFO","requestType":"slow","responseTime":5038,"serverLoad":[{"currentLoad":0,"url":"http://localhost:8001"},{"currentLoad":0,"url":"http://localhost:8002"}],"status":200,"timestamp":"2024-07-06T03:57:35.283Z"}
{"level":"info","message":"Request added to FIFO queue","queueLength":1,"timestamp":"2024-07-06T03:57:38.925Z"}
{"endpoint":"http://localhost:8001/slow","level":"info","message":"Endpoint selected","queueType":"FIFO","requestType":"slow","serverLoad":[{"currentLoad":1,"url":"http://localhost:8001"},{"currentLoad":0,"url":"http://localhost:8002"}],"timestamp":"2024-07-06T03:57:38.927Z"}
{"endpoint":"http://localhost:8001/slow","level":"info","message":"Request handled","queueType":"FIFO","requestType":"slow","responseTime":5024,"serverLoad":[{"currentLoad":0,"url":"http://localhost:8001"},{"currentLoad":0,"url":"http://localhost:8002"}],"status":200,"timestamp":"2024-07-06T03:57:43.949Z"}
